0 info it worked if it ends with ok
1 verbose cli [ '/Users/simonpelletier/.nvm/versions/node/v5.1.0/bin/node',
1 verbose cli   '/Users/simonpelletier/.nvm/versions/node/v5.1.0/bin/npm',
1 verbose cli   'start' ]
2 info using npm@3.3.12
3 info using node@v5.1.0
4 verbose run-script [ 'prestart', 'start', 'poststart' ]
5 info lifecycle empowering-education@1.0.0~prestart: empowering-education@1.0.0
6 silly lifecycle empowering-education@1.0.0~prestart: no script for prestart, continuing
7 info lifecycle empowering-education@1.0.0~start: empowering-education@1.0.0
8 verbose lifecycle empowering-education@1.0.0~start: unsafe-perm in lifecycle true
9 verbose lifecycle empowering-education@1.0.0~start: PATH: /Users/simonpelletier/.nvm/versions/node/v5.1.0/lib/node_modules/npm/bin/node-gyp-bin:/Users/simonpelletier/dev/personal/sandyEducation/empowering-education/node_modules/.bin:/Users/simonpelletier/.nvm/versions/node/v5.1.0/bin:/Users/simonpelletier/.rvm/gems/ruby-2.2.1/bin:/Users/simonpelletier/.rvm/gems/ruby-2.2.1@global/bin:/Users/simonpelletier/.rvm/rubies/ruby-2.2.1/bin:/usr/local/bin:/usr/bin:/bin:/usr/sbin:/sbin:/opt/X11/bin:/Users/simonpelletier/.rvm/bin
10 verbose lifecycle empowering-education@1.0.0~start: CWD: /Users/simonpelletier/dev/personal/sandyEducation/empowering-education
11 silly lifecycle empowering-education@1.0.0~start: Args: [ '-c', 'express index.js' ]
12 silly lifecycle empowering-education@1.0.0~start: Returned: code: 1  signal: null
13 info lifecycle empowering-education@1.0.0~start: Failed to exec start script
14 verbose stack Error: empowering-education@1.0.0 start: `express index.js`
14 verbose stack Exit status 1
14 verbose stack     at EventEmitter.<anonymous> (/Users/simonpelletier/.nvm/versions/node/v5.1.0/lib/node_modules/npm/lib/utils/lifecycle.js:232:16)
14 verbose stack     at emitTwo (events.js:87:13)
14 verbose stack     at EventEmitter.emit (events.js:172:7)
14 verbose stack     at ChildProcess.<anonymous> (/Users/simonpelletier/.nvm/versions/node/v5.1.0/lib/node_modules/npm/lib/utils/spawn.js:24:14)
14 verbose stack     at emitTwo (events.js:87:13)
14 verbose stack     at ChildProcess.emit (events.js:172:7)
14 verbose stack     at maybeClose (internal/child_process.js:818:16)
14 verbose stack     at Process.ChildProcess._handle.onexit (internal/child_process.js:211:5)
15 verbose pkgid empowering-education@1.0.0
16 verbose cwd /Users/simonpelletier/dev/personal/sandyEducation/empowering-education
17 error Darwin 15.0.0
18 error argv "/Users/simonpelletier/.nvm/versions/node/v5.1.0/bin/node" "/Users/simonpelletier/.nvm/versions/node/v5.1.0/bin/npm" "start"
19 error node v5.1.0
20 error npm  v3.3.12
21 error code ELIFECYCLE
22 error empowering-education@1.0.0 start: `express index.js`
22 error Exit status 1
23 error Failed at the empowering-education@1.0.0 start script 'express index.js'.
23 error Make sure you have the latest version of node.js and npm installed.
23 error If you do, this is most likely a problem with the empowering-education package,
23 error not with npm itself.
23 error Tell the author that this fails on your system:
23 error     express index.js
23 error You can get their info via:
23 error     npm owner ls empowering-education
23 error There is likely additional logging output above.
24 verbose exit [ 1, true ]
